TN:
SF:C:\Users\timot\Desktop\HRLA25\FEC\modules\database\index.js
FN:19,(anonymous_0)
FN:20,(anonymous_1)
FNF:2
FNH:0
FNDA:0,(anonymous_0)
FNDA:0,(anonymous_1)
DA:1,1
DA:2,1
DA:3,1
DA:5,1
DA:17,1
DA:19,0
DA:20,0
DA:22,1
LF:8
LH:6
BRF:0
BRH:0
end_of_record
TN:
SF:C:\Users\timot\Desktop\HRLA25\FEC\modules\database\models.js
FN:39,(anonymous_0)
FN:40,(anonymous_1)
FNF:2
FNH:0
FNDA:0,(anonymous_0)
FNDA:0,(anonymous_1)
DA:1,1
DA:2,1
DA:21,1
DA:38,1
DA:39,0
DA:40,0
DA:42,1
LF:7
LH:5
BRF:0
BRH:0
end_of_record
TN:
SF:C:\Users\timot\Desktop\HRLA25\FEC\modules\env\.env
FNF:0
FNH:0
DA:1,1
DA:7,1
LF:2
LH:2
BRF:0
BRH:0
end_of_record
TN:
SF:C:\Users\timot\Desktop\HRLA25\FEC\modules\server\controller.js
FN:5,(anonymous_0)
FN:9,(anonymous_1)
FN:13,(anonymous_2)
FN:17,(anonymous_3)
FNF:4
FNH:1
FNDA:1,(anonymous_0)
FNDA:0,(anonymous_1)
FNDA:0,(anonymous_2)
FNDA:0,(anonymous_3)
DA:1,1
DA:2,1
DA:4,1
DA:6,1
DA:10,0
DA:14,0
DA:18,0
DA:22,1
LF:8
LH:5
BRF:0
BRH:0
end_of_record
TN:
SF:C:\Users\timot\Desktop\HRLA25\FEC\modules\server\index.js
FNF:0
FNH:0
DA:1,1
DA:2,1
DA:3,1
DA:4,1
DA:5,1
DA:7,1
DA:9,1
DA:12,1
DA:13,1
DA:14,1
DA:15,1
DA:17,1
DA:19,1
LF:13
LH:13
BRF:0
BRH:0
end_of_record
TN:
SF:C:\Users\timot\Desktop\HRLA25\FEC\modules\server\routes.js
FNF:0
FNH:0
DA:1,1
DA:2,1
DA:4,1
DA:10,1
LF:4
LH:4
BRF:0
BRH:0
end_of_record
